<?xml version="1.0" encoding="UTF-8"?>
<!-- Generated by org.testng.reporters.JUnitXMLReporter -->
<testsuite ignored="0" hostname="DESKTOP-HUO56FK" failures="2" tests="6" name="Surefire test" time="224.836" errors="0" timestamp="2024-07-07T13:12:12 IST">
  <testcase classname="seleniumframeworkdesign.testclasses.TestClass" name="main" time="22.408">
    <failure type="java.lang.IndexOutOfBoundsException" message="Index 2 out of bounds for length 0">
      <![CDATA[java.lang.IndexOutOfBoundsException: Index 2 out of bounds for length 0
at java.base/jdk.internal.util.Preconditions.outOfBounds(Preconditions.java:100)
at java.base/jdk.internal.util.Preconditions.outOfBoundsCheckIndex(Preconditions.java:106)
at java.base/jdk.internal.util.Preconditions.checkIndex(Preconditions.java:302)
at java.base/java.util.Objects.checkIndex(Objects.java:385)
at java.base/java.util.ArrayList.get(ArrayList.java:427)
at seleniumframeworkdesign.testclasses.TestClass.main(TestClass.java:75)
at java.base/java.util.ArrayList.forEach(ArrayList.java:1596)
... Removed 30 stack frames]]>
    </failure>
  </testcase> <!-- main -->
  <testcase classname="seleniumframeworkdesign.testclasses.TestClass1" name="shopping" time="52.105"/>
  <testcase classname="seleniumframeworkdesign.testclasses.TestClass1" name="checkMyOrders" time="14.882"/>
  <testcase classname="seleniumframeworkdesign.testclasses.TestClass2" name="main" time="64.714"/>
  <testcase classname="seleniumframeworkdesign.testclasses.TestFail" name="loginUsingWrongEmail" time="3.044"/>
  <testcase classname="seleniumframeworkdesign.testclasses.TestFail" name="loginUsingWrongPassword" time="2.356">
    <failure type="java.lang.AssertionError" message="expected [false] but found [true]">
      <![CDATA[java.lang.AssertionError: expected [false] but found [true]
at seleniumframeworkdesign.testclasses.TestFail.loginUsingWrongPassword(TestFail.java:16)
at java.base/java.util.ArrayList.forEach(ArrayList.java:1596)
... Removed 34 stack frames]]>
    </failure>
  </testcase> <!-- loginUsingWrongPassword -->
</testsuite> <!-- Surefire test -->
